<?xml version="1.0" encoding="UTF-8"?><testsuite errors="0" failures="0" name="com.bestbuy.productinfo.ProductCURDTestWithSteps" skipped="0" tests="4" time="2.84" timestamp="2023-02-28T20:41:58.392Z[Europe/London]"><testcase classname="com.bestbuy.productinfo.ProductCURDTestWithSteps" name="This will create a new product"/><testcase classname="com.bestbuy.productinfo.ProductCURDTestWithSteps" name="verify if product is created"/><testcase classname="com.bestbuy.productinfo.ProductCURDTestWithSteps" name="update the product information"/><testcase classname="com.bestbuy.productinfo.ProductCURDTestWithSteps" name="Delete product information by productsID and verify its deleted"/></testsuite>